MIST_BLOOD-BANK/app/build/outputs/logs/manifest-merger-debug-report.txt
-- Merging decision tree log ---
manifest
ADDED from src\main\AndroidManifest.xml:2:1-272:12
	xmlns:android
		ADDED from src\main\AndroidManifest.xml:2:11-69
	package
		ADDED from src\main\AndroidManifest.xml:3:5-35
		INJECTED from src\main\AndroidManifest.xml
		ADDED from src\main\AndroidManifest.xml:3:5-35
		INJECTED from src\debug\AndroidManifest.xml
	android:versionName
		INJECTED from src\main\AndroidManifest.xml
		ADDED from src\main\AndroidManifest.xml:2:1-272:12
		INJECTED from src\debug\AndroidManifest.xml
	android:versionCode
		INJECTED from src\main\AndroidManifest.xml
		ADDED from src\main\AndroidManifest.xml:2:1-272:12
		INJECTED from src\debug\AndroidManifest.xml
uses-permission#android.permission.ACCESS_COARSE_LOCATION
ADDED from src\main\AndroidManifest.xml:11:5-81
MERGED from src\main\AndroidManifest.xml:11:5-81
	android:name
		ADDED from src\main\AndroidManifest.xml:11:22-78
uses-permission#android.permission.ACCESS_FINE_LOCATION
ADDED from src\main\AndroidManifest.xml:12:5-79
MERGED from src\main\AndroidManifest.xml:12:5-79
	android:name
		ADDED from src\main\AndroidManifest.xml:12:22-76
uses-permission#android.permission.CALL_PHONE
ADDED from src\main\AndroidManifest.xml:13:5-69
	android:name
		ADDED from src\main\AndroidManifest.xml:13:22-66
uses-permission#android.permission.READ_PHONE_STATE
ADDED from src\main\AndroidManifest.xml:14:5-75
	android:name
		ADDED from src\main\AndroidManifest.xml:14:22-72
uses-permission#packagename.permission.MAPS_RECEIVE
ADDED from src\main\AndroidManifest.xml:16:5-75
	android:name
		ADDED from src\main\AndroidManifest.xml:16:22-72
uses-permission#com.google.android.providers.gsf.permisson.READ_GSERVICES
ADDED from src\main\AndroidManifest.xml:17:5-96
	android:name
		ADDED from src\main\AndroidManifest.xml:17:22-94
uses-feature#android.hardware.location
ADDED from src\main\AndroidManifest.xml:18:5-86
	android:required
		ADDED from src\main\AndroidManifest.xml:18:60-83
	android:name
		ADDED from src\main\AndroidManifest.xml:18:19-59
uses-feature#android.hardware.location.gps
ADDED from src\main\AndroidManifest.xml:19:5-90
	android:required
		ADDED from src\main\AndroidManifest.xml:19:64-87
	android:name
		ADDED from src\main\AndroidManifest.xml:19:19-63
uses-permission#android.permission.VIBRATE
ADDED from src\main\AndroidManifest.xml:20:5-65
	android:name
		ADDED from src\main\AndroidManifest.xml:20:22-63
uses-permission#android.permission.INTERNET
ADDED from src\main\AndroidManifest.xml:21:5-66
MERGED from src\main\AndroidManifest.xml:21:5-66
MERGED from [com.google.android.gms:play-services-maps:8.4.0] AndroidManifest.xml:21:5-66
MERGED from [com.google.android.gms:play-services-ads:8.4.0] AndroidManifest.xml:20:5-66
MERGED from [com.google.android.gms:play-services-analytics:8.4.0] AndroidManifest.xml:21:5-67
MERGED from [com.google.android.gms:play-services-appinvite:8.4.0] AndroidManifest.xml:19:5-67
MERGED from [com.google.android.gms:play-services-maps:8.4.0] AndroidManifest.xml:21:5-66
MERGED from [com.google.android.gms:play-services-gcm:8.4.0] AndroidManifest.xml:22:5-67
MERGED from [com.google.android.gms:play-services-measurement:8.4.0] AndroidManifest.xml:21:5-67
MERGED from [com.google.android.gms:play-services-maps:8.4.0] AndroidManifest.xml:21:5-66
MERGED from [com.google.android.gms:play-services-maps:8.4.0] AndroidManifest.xml:21:5-66
MERGED from [com.google.android.gms:play-services-measurement:8.4.0] AndroidManifest.xml:21:5-67
MERGED from [com.google.android.gms:play-services-maps:8.4.0] AndroidManifest.xml:21:5-66
	android:name
		ADDED from src\main\AndroidManifest.xml:21:22-64
uses-permission#android.permission.ACCESS_NETWORK_STATE
ADDED from src\main\AndroidManifest.xml:22:5-78
MERGED from src\main\AndroidManifest.xml:22:5-78
MERGED from [com.google.android.gms:play-services-maps:8.4.0] AndroidManifest.xml:20:5-78
MERGED from [com.google.android.gms:play-services-ads:8.4.0] AndroidManifest.xml:21:5-78
MERGED from [com.google.android.gms:play-services-analytics:8.4.0] AndroidManifest.xml:22:5-79
MERGED from [com.google.android.gms:play-services-maps:8.4.0] AndroidManifest.xml:20:5-78
MERGED from [com.google.android.gms:play-services-measurement:8.4.0] AndroidManifest.xml:22:5-79
MERGED from [com.google.android.gms:play-services-maps:8.4.0] AndroidManifest.xml:20:5-78
MERGED from [com.google.android.gms:play-services-maps:8.4.0] AndroidManifest.xml:20:5-78
MERGED from [com.google.android.gms:play-services-measurement:8.4.0] AndroidManifest.xml:22:5-79
MERGED from [com.google.android.gms:play-services-nearby:8.4.0] AndroidManifest.xml:19:5-79
MERGED from [com.google.android.gms:play-services-maps:8.4.0] AndroidManifest.xml:20:5-78
	android:name
		ADDED from src\main\AndroidManifest.xml:22:22-76
uses-permission#android.permission.WRITE_EXTERNAL_STORAGE
ADDED from src\main\AndroidManifest.xml:23:5-80
MERGED from src\main\AndroidManifest.xml:23:5-80
	android:name
		ADDED from src\main\AndroidManifest.xml:23:22-78
permission#yourpackagename.permission.MAPS_RECEIVE
ADDED from src\main\AndroidManifest.xml:24:5-110
	android:protectionLevel
		ADDED from src\main\AndroidManifest.xml:24:72-107
	android:name
		ADDED from src\main\AndroidManifest.xml:24:17-71
uses-permission#yourpackagename.permission.MAPS_RECEIVE
ADDED from src\main\AndroidManifest.xml:25:5-79
	android:name
		ADDED from src\main\AndroidManifest.xml:25:22-76
application
ADDED from src\main\AndroidManifest.xml:27:5-270:19
MERGED from src\main\AndroidManifest.xml:27:5-270:19
MERGED from [com.android.support:appcompat-v7:24.0.0-alpha1] AndroidManifest.xml:25:5-20
MERGED from [com.android.support:support-vector-drawable:24.0.0-alpha1] AndroidManifest.xml:23:5-20
MERGED from [com.android.support:support-v4:24.0.0-alpha1] AndroidManifest.xml:22:5-20
MERGED from [com.android.support:animated-vector-drawable:24.0.0-alpha1] AndroidManifest.xml:22:5-20
MERGED from [com.android.support:support-vector-drawable:24.0.0-alpha1] AndroidManifest.xml:23:5-20
MERGED from [com.android.support:support-v4:24.0.0-alpha1] AndroidManifest.xml:22:5-20
MERGED from [com.android.support:support-v4:24.0.0-alpha1] AndroidManifest.xml:22:5-20
MERGED from [com.google.android.gms:play-services-fitness:8.4.0] AndroidManifest.xml:19:5-20
MERGED from [com.google.android.gms:play-services-basement:8.4.0] AndroidManifest.xml:20:5-24:19
MERGED from [com.android.support:support-v4:24.0.0-alpha1] AndroidManifest.xml:22:5-20
MERGED from [com.google.android.gms:play-services-location:8.4.0] AndroidManifest.xml:19:5-20
MERGED from [com.google.android.gms:play-services-basement:8.4.0] AndroidManifest.xml:20:5-24:19
MERGED from [com.android.support:support-v4:24.0.0-alpha1] AndroidManifest.xml:22:5-20
MERGED from [com.google.android.gms:play-services-maps:8.4.0] AndroidManifest.xml:27:5-20
MERGED from [com.google.android.gms:play-services-basement:8.4.0] AndroidManifest.xml:20:5-24:19
MERGED from [com.android.support:support-v4:24.0.0-alpha1] AndroidManifest.xml:22:5-20
MERGED from [com.google.android.gms:play-services-wearable:8.4.0] AndroidManifest.xml:19:5-20
MERGED from [com.google.android.gms:play-services-basement:8.4.0] AndroidManifest.xml:20:5-24:19
MERGED from [com.android.support:support-v4:24.0.0-alpha1] AndroidManifest.xml:22:5-20
MERGED from [com.google.android.gms:play-services:8.4.0] AndroidManifest.xml:19:5-20
MERGED from [com.google.android.gms:play-services-ads:8.4.0] AndroidManifest.xml:24:5-32:19
MERGED from [com.google.android.gms:play-services-basement:8.4.0] AndroidManifest.xml:20:5-24:19
MERGED from [com.android.support:support-v4:24.0.0-alpha1] AndroidManifest.xml:22:5-20
MERGED from [com.google.android.gms:play-services-analytics:8.4.0] AndroidManifest.xml:24:5-20
MERGED from [com.google.android.gms:play-services-basement:8.4.0] AndroidManifest.xml:20:5-24:19
MERGED from [com.android.support:support-v4:24.0.0-alpha1] AndroidManifest.xml:22:5-20
MERGED from [com.google.android.gms:play-services-appindexing:8.4.0] AndroidManifest.xml:19:5-20
MERGED from [com.google.android.gms:play-services-basement:8.4.0] AndroidManifest.xml:20:5-24:19
MERGED from [com.android.support:support-v4:24.0.0-alpha1] AndroidManifest.xml:22:5-20
MERGED from [com.google.android.gms:play-services-appinvite:8.4.0] AndroidManifest.xml:20:5-30:19
MERGED from [com.google.android.gms:play-services-basement:8.4.0] AndroidManifest.xml:20:5-24:19
MERGED from [com.android.support:support-v4:24.0.0-alpha1] AndroidManifest.xml:22:5-20
MERGED from [com.google.android.gms:play-services-appstate:8.4.0] AndroidManifest.xml:19:5-20
MERGED from [com.google.android.gms:play-services-basement:8.4.0] AndroidManifest.xml:20:5-24:19
MERGED from [com.android.support:support-v4:24.0.0-alpha1] AndroidManifest.xml:22:5-20
MERGED from [com.google.android.gms:play-services-auth:8.4.0] AndroidManifest.xml:20:5-32:19
MERGED from [com.google.android.gms:play-services-basement:8.4.0] AndroidManifest.xml:20:5-24:19
MERGED from [com.android.support:support-v4:24.0.0-alpha1] AndroidManifest.xml:22:5-20
MERGED from [com.google.android.gms:play-services-basement:8.4.0] AndroidManifest.xml:20:5-24:19
MERGED from [com.android.support:support-v4:24.0.0-alpha1] AndroidManifest.xml:22:5-20
MERGED from [com.google.android.gms:play-services-basement:8.4.0] AndroidManifest.xml:20:5-24:19
MERGED from [com.android.support:support-v4:24.0.0-alpha1] AndroidManifest.xml:22:5-20
MERGED from [com.google.android.gms:play-services-cast:8.4.0] AndroidManifest.xml:19:5-20
MERGED from [com.google.android.gms:play-services-basement:8.4.0] AndroidManifest.xml:20:5-24:19
MERGED from [com.android.support:support-v4:24.0.0-alpha1] AndroidManifest.xml:22:5-20
MERGED from [com.android.support:mediarouter-v7:23.0.0] AndroidManifest.xml:22:5-20
MERGED from [com.android.support:appcompat-v7:24.0.0-alpha1] AndroidManifest.xml:25:5-20
MERGED from [com.android.support:support-vector-drawable:24.0.0-alpha1] AndroidManifest.xml:23:5-20
MERGED from [com.android.support:support-v4:24.0.0-alpha1] AndroidManifest.xml:22:5-20
MERGED from [com.android.support:animated-vector-drawable:24.0.0-alpha1] AndroidManifest.xml:22:5-20
MERGED from [com.android.support:support-vector-drawable:24.0.0-alpha1] AndroidManifest.xml:23:5-20
MERGED from [com.android.support:support-v4:24.0.0-alpha1] AndroidManifest.xml:22:5-20
MERGED from [com.android.support:support-v4:24.0.0-alpha1] AndroidManifest.xml:22:5-20
MERGED from [com.google.android.gms:play-services-drive:8.4.0] AndroidManifest.xml:19:5-20
MERGED from [com.google.android.gms:play-services-basement:8.4.0] AndroidManifest.xml:20:5-24:19
MERGED from [com.android.support:support-v4:24.0.0-alpha1] AndroidManifest.xml:22:5-20
MERGED from [com.google.android.gms:play-services-fitness:8.4.0] AndroidManifest.xml:19:5-20
MERGED from [com.google.android.gms:play-services-basement:8.4.0] AndroidManifest.xml:20:5-24:19
MERGED from [com.android.support:support-v4:24.0.0-alpha1] AndroidManifest.xml:22:5-20
MERGED from [com.google.android.gms:play-services-location:8.4.0] AndroidManifest.xml:19:5-20
MERGED from [com.google.android.gms:play-services-basement:8.4.0] AndroidManifest.xml:20:5-24:19
MERGED from [com.android.support:support-v4:24.0.0-alpha1] AndroidManifest.xml:22:5-20
MERGED from [com.google.android.gms:play-services-maps:8.4.0] AndroidManifest.xml:27:5-20
MERGED from [com.google.android.gms:play-services-basement:8.4.0] AndroidManifest.xml:20:5-24:19
MERGED from [com.android.support:support-v4:24.0.0-alpha1] AndroidManifest.xml:22:5-20
MERGED from [com.google.android.gms:play-services-games:8.4.0] AndroidManifest.xml:19:5-20
MERGED from [com.google.android.gms:play-services-basement:8.4.0] AndroidManifest.xml:20:5-24:19
MERGED from [com.android.support:support-v4:24.0.0-alpha1] AndroidManifest.xml:22:5-20
MERGED from [com.google.android.gms:play-services-drive:8.4.0] AndroidManifest.xml:19:5-20
MERGED from [com.google.android.gms:play-services-basement:8.4.0] AndroidManifest.xml:20:5-24:19
MERGED from [com.android.support:support-v4:24.0.0-alpha1] AndroidManifest.xml:22:5-20
MERGED from [com.google.android.gms:play-services-gcm:8.4.0] AndroidManifest.xml:24:5-20
MERGED from [com.google.android.gms:play-services-basement:8.4.0] AndroidManifest.xml:20:5-24:19
MERGED from [com.android.support:support-v4:24.0.0-alpha1] AndroidManifest.xml:22:5-20
MERGED from [com.google.android.gms:play-services-measurement:8.4.0] AndroidManifest.xml:26:5-46:19
MERGED from [com.google.android.gms:play-services-basement:8.4.0] AndroidManifest.xml:20:5-24:19
MERGED from [com.android.support:support-v4:24.0.0-alpha1] AndroidManifest.xml:22:5-20
MERGED from [com.google.android.gms:play-services-identity:8.4.0] AndroidManifest.xml:19:5-20
MERGED from [com.google.android.gms:play-services-basement:8.4.0] AndroidManifest.xml:20:5-24:19
MERGED from [com.android.support:support-v4:24.0.0-alpha1] AndroidManifest.xml:22:5-20
MERGED from [com.google.android.gms:play-services-location:8.4.0] AndroidManifest.xml:19:5-20
MERGED from [com.google.android.gms:play-services-basement:8.4.0] AndroidManifest.xml:20:5-24:19
MERGED from [com.android.support:support-v4:24.0.0-alpha1] AndroidManifest.xml:22:5-20
MERGED from [com.google.android.gms:play-services-maps:8.4.0] AndroidManifest.xml:27:5-20
MERGED from [com.google.android.gms:play-services-basement:8.4.0] AndroidManifest.xml:20:5-24:19
MERGED from [com.android.support:support-v4:24.0.0-alpha1] AndroidManifest.xml:22:5-20
MERGED from [com.google.android.gms:play-services-maps:8.4.0] AndroidManifest.xml:27:5-20
MERGED from [com.google.android.gms:play-services-basement:8.4.0] AndroidManifest.xml:20:5-24:19
MERGED from [com.android.support:support-v4:24.0.0-alpha1] AndroidManifest.xml:22:5-20
MERGED from [com.google.android.gms:play-services-measurement:8.4.0] AndroidManifest.xml:26:5-46:19
MERGED from [com.google.android.gms:play-services-basement:8.4.0] AndroidManifest.xml:20:5-24:19
MERGED from [com.android.support:support-v4:24.0.0-alpha1] AndroidManifest.xml:22:5-20
MERGED from [com.google.android.gms:play-services-nearby:8.4.0] AndroidManifest.xml:20:5-20
MERGED from [com.google.android.gms:play-services-basement:8.4.0] AndroidManifest.xml:20:5-24:19
MERGED from [com.android.support:support-v4:24.0.0-alpha1] AndroidManifest.xml:22:5-20
MERGED from [com.google.android.gms:play-services-panorama:8.4.0] AndroidManifest.xml:19:5-20
MERGED from [com.google.android.gms:play-services-basement:8.4.0] AndroidManifest.xml:20:5-24:19
MERGED from [com.android.support:support-v4:24.0.0-alpha1] AndroidManifest.xml:22:5-20
MERGED from [com.google.android.gms:play-services-plus:8.4.0] AndroidManifest.xml:19:5-20
MERGED from [com.google.android.gms:play-services-basement:8.4.0] AndroidManifest.xml:20:5-24:19
MERGED from [com.android.support:support-v4:24.0.0-alpha1] AndroidManifest.xml:22:5-20
MERGED from [com.google.android.gms:play-services-safetynet:8.4.0] AndroidManifest.xml:19:5-20
MERGED from [com.google.android.gms:play-services-basement:8.4.0] AndroidManifest.xml:20:5-24:19
MERGED from [com.android.support:support-v4:24.0.0-alpha1] AndroidManifest.xml:22:5-20
MERGED from [com.google.android.gms:play-services-vision:8.4.0] AndroidManifest.xml:5:5-20
MERGED from [com.google.android.gms:play-services-basement:8.4.0] AndroidManifest.xml:20:5-24:19
MERGED from [com.android.support:support-v4:24.0.0-alpha1] AndroidManifest.xml:22:5-20
MERGED from [com.google.android.gms:play-services-basement:8.4.0] AndroidManifest.xml:20:5-24:19
MERGED from [com.android.support:support-v4:24.0.0-alpha1] AndroidManifest.xml:22:5-20
MERGED from [com.google.android.gms:play-services-identity:8.4.0] AndroidManifest.xml:19:5-20
MERGED from [com.google.android.gms:play-services-basement:8.4.0] AndroidManifest.xml:20:5-24:19
MERGED from [com.android.support:support-v4:24.0.0-alpha1] AndroidManifest.xml:22:5-20
MERGED from [com.google.android.gms:play-services-maps:8.4.0] AndroidManifest.xml:27:5-20
MERGED from [com.google.android.gms:play-services-basement:8.4.0] AndroidManifest.xml:20:5-24:19
MERGED from [com.android.support:support-v4:24.0.0-alpha1] AndroidManifest.xml:22:5-20
MERGED from [com.google.android.gms:play-services-wearable:8.4.0] AndroidManifest.xml:19:5-20
MERGED from [com.google.android.gms:play-services-basement:8.4.0] AndroidManifest.xml:20:5-24:19
MERGED from [com.android.support:support-v4:24.0.0-alpha1] AndroidManifest.xml:22:5-20
	android:label
		ADDED from src\main\AndroidManifest.xml:30:9-41
		ADDED from src\main\AndroidManifest.xml:30:9-41
	android:allowBackup
		ADDED from src\main\AndroidManifest.xml:28:9-35
		ADDED from src\main\AndroidManifest.xml:28:9-35
	android:icon
		ADDED from src\main\AndroidManifest.xml:29:9-40
		ADDED from src\main\AndroidManifest.xml:29:9-40
	android:theme
		ADDED from src\main\AndroidManifest.xml:31:9-40
		ADDED from src\main\AndroidManifest.xml:31:9-40
activity#com.example.hamim.bb.SplashScreenActivity
ADDED from src\main\AndroidManifest.xml:32:9-40:20
	android:label
		ADDED from src\main\AndroidManifest.xml:34:13-45
	android:name
		ADDED from src\main\AndroidManifest.xml:33:13-49
intent-filter#android.intent.action.MAIN+android.intent.category.LAUNCHER
ADDED from src\main\AndroidManifest.xml:35:13-39:29
action#android.intent.action.MAIN
ADDED from src\main\AndroidManifest.xml:36:17-69
	android:name
		ADDED from src\main\AndroidManifest.xml:36:25-66
category#android.intent.category.LAUNCHER
ADDED from src\main\AndroidManifest.xml:38:17-77
	android:name
		ADDED from src\main\AndroidManifest.xml:38:27-74
activity#com.example.hamim.bb.MainActivity
ADDED from src\main\AndroidManifest.xml:41:9-45:20
	android:name
		ADDED from src\main\AndroidManifest.xml:41:19-47
intent-filter#android.intent.action.MAIN
ADDED from src\main\AndroidManifest.xml:42:13-44:29
activity#com.example.hamim.bb.Donor
ADDED from src\main\AndroidManifest.xml:46:9-50:20
	android:name
		ADDED from src\main\AndroidManifest.xml:46:19-40
activity#com.example.hamim.bb.sign
ADDED from src\main\AndroidManifest.xml:51:9-55:20
	android:name
		ADDED from src\main\AndroidManifest.xml:51:19-39
activity#com.example.hamim.bb.register
ADDED from src\main\AndroidManifest.xml:56:9-60:20
	android:name
		ADDED from src\main\AndroidManifest.xml:56:19-43
activity#com.example.hamim.bb.contactus
ADDED from src\main\AndroidManifest.xml:61:9-65:20
	android:name
		ADDED from src\main\AndroidManifest.xml:61:19-44
activity#com.example.hamim.bb.aboutus
ADDED from src\main\AndroidManifest.xml:66:9-70:20
	android:name
		ADDED from src\main\AndroidManifest.xml:66:19-42
activity#com.example.hamim.bb.nad
ADDED from src\main\AndroidManifest.xml:71:9-75:20
	android:name
		ADDED from src\main\AndroidManifest.xml:71:19-38
meta-data#com.google.android.gms.version
ADDED from src\main\AndroidManifest.xml:77:9-79:69
MERGED from src\main\AndroidManifest.xml:77:9-79:69
MERGED from [com.google.android.gms:play-services-basement:8.4.0] AndroidManifest.xml:21:9-23:69
MERGED from [com.google.android.gms:play-services-basement:8.4.0] AndroidManifest.xml:21:9-23:69
MERGED from [com.google.android.gms:play-services-basement:8.4.0] AndroidManifest.xml:21:9-23:69
MERGED from [com.google.android.gms:play-services-basement:8.4.0] AndroidManifest.xml:21:9-23:69
MERGED from [com.google.android.gms:play-services-basement:8.4.0] AndroidManifest.xml:21:9-23:69
MERGED from [com.google.android.gms:play-services-basement:8.4.0] AndroidManifest.xml:21:9-23:69
MERGED from [com.google.android.gms:play-services-basement:8.4.0] AndroidManifest.xml:21:9-23:69
MERGED from [com.google.android.gms:play-services-basement:8.4.0] AndroidManifest.xml:21:9-23:69
MERGED from [com.google.android.gms:play-services-basement:8.4.0] AndroidManifest.xml:21:9-23:69
MERGED from [com.google.android.gms:play-services-basement:8.4.0] AndroidManifest.xml:21:9-23:69
MERGED from [com.google.android.gms:play-services-basement:8.4.0] AndroidManifest.xml:21:9-23:69
MERGED from [com.google.android.gms:play-services-basement:8.4.0] AndroidManifest.xml:21:9-23:69
MERGED from [com.google.android.gms:play-services-basement:8.4.0] AndroidManifest.xml:21:9-23:69
MERGED from [com.google.android.gms:play-services-basement:8.4.0] AndroidManifest.xml:21:9-23:69
MERGED from [com.google.android.gms:play-services-basement:8.4.0] AndroidManifest.xml:21:9-23:69
MERGED from [com.google.android.gms:play-services-basement:8.4.0] AndroidManifest.xml:21:9-23:69
MERGED from [com.google.android.gms:play-services-basement:8.4.0] AndroidManifest.xml:21:9-23:69
MERGED from [com.google.android.gms:play-services-basement:8.4.0] AndroidManifest.xml:21:9-23:69
MERGED from [com.google.android.gms:play-services-basement:8.4.0] AndroidManifest.xml:21:9-23:69
MERGED from [com.google.android.gms:play-services-basement:8.4.0] AndroidManifest.xml:21:9-23:69
MERGED from [com.google.android.gms:play-services-basement:8.4.0] AndroidManifest.xml:21:9-23:69
MERGED from [com.google.android.gms:play-services-basement:8.4.0] AndroidManifest.xml:21:9-23:69
MERGED from [com.google.android.gms:play-services-basement:8.4.0] AndroidManifest.xml:21:9-23:69
MERGED from [com.google.android.gms:play-services-basement:8.4.0] AndroidManifest.xml:21:9-23:69
MERGED from [com.google.android.gms:play-services-basement:8.4.0] AndroidManifest.xml:21:9-23:69
MERGED from [com.google.android.gms:play-services-basement:8.4.0] AndroidManifest.xml:21:9-23:69
MERGED from [com.google.android.gms:play-services-basement:8.4.0] AndroidManifest.xml:21:9-23:69
MERGED from [com.google.android.gms:play-services-basement:8.4.0] AndroidManifest.xml:21:9-23:69
MERGED from [com.google.android.gms:play-services-basement:8.4.0] AndroidManifest.xml:21:9-23:69
MERGED from [com.google.android.gms:play-services-basement:8.4.0] AndroidManifest.xml:21:9-23:69
MERGED from [com.google.android.gms:play-services-basement:8.4.0] AndroidManifest.xml:21:9-23:69
MERGED from [com.google.android.gms:play-services-basement:8.4.0] AndroidManifest.xml:21:9-23:69
MERGED from [com.google.android.gms:play-services-basement:8.4.0] AndroidManifest.xml:21:9-23:69
MERGED from [com.google.android.gms:play-services-basement:8.4.0] AndroidManifest.xml:21:9-23:69
MERGED from [com.google.android.gms:play-services-basement:8.4.0] AndroidManifest.xml:21:9-23:69
	android:name
		ADDED from src\main\AndroidManifest.xml:78:13-58
	android:value
		ADDED from src\main\AndroidManifest.xml:79:13-66
activity#com.example.hamim.bb.coninfo
ADDED from src\main\AndroidManifest.xml:81:9-85:20
	android:name
		ADDED from src\main\AndroidManifest.xml:81:19-42
activity#com.example.hamim.bb.sba
ADDED from src\main\AndroidManifest.xml:86:9-90:20
	android:name
		ADDED from src\main\AndroidManifest.xml:86:19-38
activity#com.example.hamim.bb.sbr
ADDED from src\main\AndroidManifest.xml:91:9-95:20
	android:name
		ADDED from src\main\AndroidManifest.xml:91:19-38
activity#com.example.hamim.bb.banani
ADDED from src\main\AndroidManifest.xml:96:9-100:20
	android:name
		ADDED from src\main\AndroidManifest.xml:96:19-41
activity#com.example.hamim.bb.sbbg
ADDED from src\main\AndroidManifest.xml:101:9-105:20
	android:name
		ADDED from src\main\AndroidManifest.xml:101:19-39
activity#com.example.hamim.bb.z1
ADDED from src\main\AndroidManifest.xml:106:9-110:20
	android:name
		ADDED from src\main\AndroidManifest.xml:106:19-37
activity#com.example.hamim.bb.z2
ADDED from src\main\AndroidManifest.xml:111:9-115:20
	android:name
		ADDED from src\main\AndroidManifest.xml:111:19-37
activity#com.example.hamim.bb.z3
ADDED from src\main\AndroidManifest.xml:116:9-120:20
	android:name
		ADDED from src\main\AndroidManifest.xml:116:19-37
activity#com.example.hamim.bb.z4
ADDED from src\main\AndroidManifest.xml:121:9-125:20
	android:name
		ADDED from src\main\AndroidManifest.xml:121:19-37
activity#com.example.hamim.bb.z5
ADDED from src\main\AndroidManifest.xml:126:9-130:20
	android:name
		ADDED from src\main\AndroidManifest.xml:126:19-37
activity#com.example.hamim.bb.z6
ADDED from src\main\AndroidManifest.xml:131:9-135:20
	android:name
		ADDED from src\main\AndroidManifest.xml:131:19-37
activity#com.example.hamim.bb.z7
ADDED from src\main\AndroidManifest.xml:136:9-140:20
	android:name
		ADDED from src\main\AndroidManifest.xml:136:19-37
activity#com.example.hamim.bb.z8
ADDED from src\main\AndroidManifest.xml:141:9-145:20
	android:name
		ADDED from src\main\AndroidManifest.xml:141:19-37
activity#com.example.hamim.bb.hospital
ADDED from src\main\AndroidManifest.xml:146:9-150:20
	android:name
		ADDED from src\main\AndroidManifest.xml:146:19-43
activity#com.example.hamim.bb.email
ADDED from src\main\AndroidManifest.xml:152:9-156:20
	android:name
		ADDED from src\main\AndroidManifest.xml:152:19-40
meta-data#com.google.android.maps.v2.API_KEY
ADDED from src\main\AndroidManifest.xml:159:9-161:55
MERGED from src\main\AndroidManifest.xml:159:9-161:55
	android:name
		ADDED from src\main\AndroidManifest.xml:160:13-62
	android:value
		ADDED from src\main\AndroidManifest.xml:161:13-52
activity#com.example.hamim.bb.MapsActivity
ADDED from src\main\AndroidManifest.xml:163:9-166:20
	android:label
		ADDED from src\main\AndroidManifest.xml:165:13-56
	android:name
		ADDED from src\main\AndroidManifest.xml:164:13-41
activity#com.example.hamim.bb.MapsActivity1
ADDED from src\main\AndroidManifest.xml:167:9-170:20
	android:label
		ADDED from src\main\AndroidManifest.xml:169:13-57
	android:name
		ADDED from src\main\AndroidManifest.xml:168:13-42
activity#com.example.hamim.bb.MapsActivity2
ADDED from src\main\AndroidManifest.xml:171:9-174:20
	android:label
		ADDED from src\main\AndroidManifest.xml:173:13-57
	android:name
		ADDED from src\main\AndroidManifest.xml:172:13-42
activity#com.example.hamim.bb.MapsActivity3
ADDED from src\main\AndroidManifest.xml:175:9-178:20
	android:label
		ADDED from src\main\AndroidManifest.xml:177:13-57
	android:name
		ADDED from src\main\AndroidManifest.xml:176:13-42
activity#com.example.hamim.bb.MapsActivity5
ADDED from src\main\AndroidManifest.xml:179:9-182:20
	android:label
		ADDED from src\main\AndroidManifest.xml:181:13-57
	android:name
		ADDED from src\main\AndroidManifest.xml:180:13-42
activity#com.example.hamim.bb.MapsActivitylocation
ADDED from src\main\AndroidManifest.xml:183:9-186:20
	android:label
		ADDED from src\main\AndroidManifest.xml:185:13-73
	android:name
		ADDED from src\main\AndroidManifest.xml:184:13-49
activity#com.example.hamim.bb.baileyroad
ADDED from src\main\AndroidManifest.xml:187:9-191:20
	android:name
		ADDED from src\main\AndroidManifest.xml:187:19-45
activity#com.example.hamim.bb.banasree
ADDED from src\main\AndroidManifest.xml:192:9-196:20
	android:name
		ADDED from src\main\AndroidManifest.xml:192:19-43
activity#com.example.hamim.bb.banglamotor
ADDED from src\main\AndroidManifest.xml:197:9-201:20
	android:name
		ADDED from src\main\AndroidManifest.xml:197:19-46
activity#com.example.hamim.bb.baridhara
ADDED from src\main\AndroidManifest.xml:202:9-206:20
	android:name
		ADDED from src\main\AndroidManifest.xml:202:19-44
activity#com.example.hamim.bb.dhanmondi
ADDED from src\main\AndroidManifest.xml:207:9-211:20
	android:name
		ADDED from src\main\AndroidManifest.xml:207:19-44
activity#com.example.hamim.bb.eskatonroad
ADDED from src\main\AndroidManifest.xml:212:9-216:20
	android:name
		ADDED from src\main\AndroidManifest.xml:212:19-46
activity#com.example.hamim.bb.greenroad
ADDED from src\main\AndroidManifest.xml:217:9-221:20
	android:name
		ADDED from src\main\AndroidManifest.xml:217:19-44
activity#com.example.hamim.bb.gulshan
ADDED from src\main\AndroidManifest.xml:222:9-226:20
	android:name
		ADDED from src\main\AndroidManifest.xml:222:19-42
activity#com.example.hamim.bb.kalabagan
ADDED from src\main\AndroidManifest.xml:227:9-231:20
	android:name
		ADDED from src\main\AndroidManifest.xml:227:19-44
activity#com.example.hamim.bb.lalmatia
ADDED from src\main\AndroidManifest.xml:232:9-236:20
	android:name
		ADDED from src\main\AndroidManifest.xml:232:19-43
activity#com.example.hamim.bb.malibagh
ADDED from src\main\AndroidManifest.xml:237:9-241:20
	android:name
		ADDED from src\main\AndroidManifest.xml:237:19-43
activity#com.example.hamim.bb.moghbazar
ADDED from src\main\AndroidManifest.xml:242:9-246:20
	android:name
		ADDED from src\main\AndroidManifest.xml:242:19-44
activity#com.example.hamim.bb.mohakhali
ADDED from src\main\AndroidManifest.xml:247:9-251:20
	android:name
		ADDED from src\main\AndroidManifest.xml:247:19-44
activity#com.example.hamim.bb.mohammadpur
ADDED from src\main\AndroidManifest.xml:252:9-256:20
	android:name
		ADDED from src\main\AndroidManifest.xml:252:19-46
activity#com.example.hamim.bb.shantinagar
ADDED from src\main\AndroidManifest.xml:258:9-262:20
	android:name
		ADDED from src\main\AndroidManifest.xml:258:19-46
activity#com.example.hamim.bb.uttara
ADDED from src\main\AndroidManifest.xml:263:9-267:20
	android:name
		ADDED from src\main\AndroidManifest.xml:263:19-41
uses-sdk
INJECTED from src\main\AndroidManifest.xml reason: use-sdk injection requested
MERGED from [com.android.support:multidex:1.0.1] AndroidManifest.xml:18:5-42
MERGED from [com.android.support:appcompat-v7:24.0.0-alpha1] AndroidManifest.xml:21:5-23:78
MERGED from [com.android.support:support-vector-drawable:24.0.0-alpha1] AndroidManifest.xml:21:5-43
MERGED from [com.android.support:support-v4:24.0.0-alpha1] AndroidManifest.xml:20:5-43
MERGED from [com.android.support:animated-vector-drawable:24.0.0-alpha1] AndroidManifest.xml:20:5-44
MERGED from [com.android.support:support-vector-drawable:24.0.0-alpha1] AndroidManifest.xml:21:5-43
MERGED from [com.android.support:support-v4:24.0.0-alpha1] AndroidManifest.xml:20:5-43
MERGED from [com.android.support:support-v4:24.0.0-alpha1] AndroidManifest.xml:20:5-43
MERGED from [com.google.android.gms:play-services-fitness:8.4.0] AndroidManifest.xml:18:5-42
MERGED from [com.google.android.gms:play-services-base:8.4.0] AndroidManifest.xml:18:5-42
MERGED from [com.google.android.gms:play-services-basement:8.4.0] AndroidManifest.xml:18:5-42